<?xml version="1.0" encoding="UTF-8"?>
<!-- Generated by org.testng.reporters.JUnitReportReporter -->
<testsuite hostname="DESKTOP-2RI24S7" failures="0" tests="1" name="cucumber.options.testRunner" time="45.428" errors="1" timestamp="2024-06-27T11:32:50 IST" skipped="0">
  <testcase classname="cucumber.options.testRunner" name="runScenario" time="45.428">
    <error message="Unable to find element with locator By.xpath: //span[@role=&#039;alert&#039;]
For documentation on this error, please visit: https://www.selenium.dev/documentation/webdriver/troubleshooting/errors#no-such-element-exception
Build info: version: &#039;4.14.1&#039;, revision: &#039;03f8ede370&#039;
System info: os.name: &#039;Windows 11&#039;, os.arch: &#039;amd64&#039;, os.version: &#039;10.0&#039;, java.version: &#039;22.0.1&#039;
Driver info: driver.version: RemoteWebDriver" type="org.openqa.selenium.NoSuchElementException">
      <![CDATA[org.openqa.selenium.NoSuchElementException: Unable to find element with locator By.xpath: //span[@role='alert']
For documentation on this error, please visit: https://www.selenium.dev/documentation/webdriver/troubleshooting/errors#no-such-element-exception
Build info: version: '4.14.1', revision: '03f8ede370'
System info: os.name: 'Windows 11', os.arch: 'amd64', os.version: '10.0', java.version: '22.0.1'
Driver info: driver.version: RemoteWebDriver
at org.openqa.selenium.remote.ElementLocation$ElementFinder$2.findElement(ElementLocation.java:168)
at org.openqa.selenium.remote.ElementLocation.findElement(ElementLocation.java:59)
at org.openqa.selenium.remote.RemoteWebDriver.findElement(RemoteWebDriver.java:359)
at org.openqa.selenium.remote.RemoteWebDriver.findElement(RemoteWebDriver.java:353)
at pageObject.homePage.validate_success_message(homePage.java:256)
at stepDefination.homeStep.validate_success_message(homeStep.java:172)
at âœ½.Validate success message(file:///D:/Edyou/EdYou_automation_project/./src/test/java/features/home.feature:68)
]]>
    </error>
  </testcase> <!-- runScenario -->
</testsuite> <!-- cucumber.options.testRunner -->
